2023-01-07 21:22:10,676 __main__:46 info [INFO]: start main
2023-01-07 21:22:10,677 __main__:46 info [INFO]: start get_win5_races_proc
2023-01-07 21:22:11,281 __main__:46 info [INFO]: start get_win5_races_page
2023-01-07 21:22:11,281 __main__:46 info [INFO]: start get_playwright_page
2023-01-07 21:22:14,043 __main__:46 info [INFO]: end get_playwright_page
2023-01-07 21:22:16,726 __main__:46 info [INFO]: end get_win5_races_page
2023-01-07 21:22:16,748 __main__:46 info [INFO]: start get_win5_races
2023-01-07 21:22:16,768 __main__:46 info [INFO]: end get_win5_races
2023-01-07 21:22:16,769 __main__:46 info [INFO]: end get_win5_races_proc
2023-01-07 21:22:16,769 __main__:46 info [INFO]: start get_tab_area_ctls
2023-01-07 21:22:16,769 __main__:46 info [INFO]: start get_win5_race_detail_ctls
2023-01-07 21:22:16,769 __main__:46 info [INFO]: start output_race_detail_for_table_with_checkbox
2023-01-07 21:22:16,770 __main__:46 info [INFO]: start get_race_detail_from_db
2023-01-07 21:22:16,771 __main__:46 info [INFO]: end get_race_detail_from_db
2023-01-07 21:22:16,771 __main__:46 info [INFO]: start get_entry_horce_info
2023-01-07 21:22:17,569 __main__:46 info [INFO]: end get_entry_horce_info
2023-01-07 21:22:17,573 __main__:46 info [INFO]: start get_tab_table_vals_chk_lbls
2023-01-07 21:22:17,573 __main__:46 info [INFO]: end get_tab_table_vals_chk_lbls
2023-01-07 21:22:17,573 __main__:46 info [INFO]: start get_tab_table_vals_chk_lbls
2023-01-07 21:22:17,574 __main__:46 info [INFO]: end get_tab_table_vals_chk_lbls
2023-01-07 21:22:17,574 __main__:46 info [INFO]: start get_tab_table_vals_chk_lbls
2023-01-07 21:22:17,574 __main__:46 info [INFO]: end get_tab_table_vals_chk_lbls
2023-01-07 21:22:17,574 __main__:46 info [INFO]: start get_tab_table_vals_chk_lbls
2023-01-07 21:22:17,574 __main__:46 info [INFO]: end get_tab_table_vals_chk_lbls
2023-01-07 21:22:17,574 __main__:46 info [INFO]: start get_tab_table_vals_chk_lbls
2023-01-07 21:22:17,575 __main__:46 info [INFO]: end get_tab_table_vals_chk_lbls
2023-01-07 21:22:17,575 __main__:46 info [INFO]: start get_tab_table_vals_chk_lbls
2023-01-07 21:22:17,575 __main__:46 info [INFO]: end get_tab_table_vals_chk_lbls
2023-01-07 21:22:17,575 __main__:46 info [INFO]: start get_tab_table_vals_chk_lbls
2023-01-07 21:22:17,575 __main__:46 info [INFO]: end get_tab_table_vals_chk_lbls
2023-01-07 21:22:17,575 __main__:46 info [INFO]: start get_tab_table_vals_chk_lbls
2023-01-07 21:22:17,576 __main__:46 info [INFO]: end get_tab_table_vals_chk_lbls
2023-01-07 21:22:17,576 __main__:46 info [INFO]: start get_tab_table_vals_chk_lbls
2023-01-07 21:22:17,576 __main__:46 info [INFO]: end get_tab_table_vals_chk_lbls
2023-01-07 21:22:17,576 __main__:46 info [INFO]: start get_tab_table_vals_chk_lbls
2023-01-07 21:22:17,576 __main__:46 info [INFO]: end get_tab_table_vals_chk_lbls
2023-01-07 21:22:17,576 __main__:46 info [INFO]: start get_tab_table_vals_chk_lbls
2023-01-07 21:22:17,577 __main__:46 info [INFO]: end get_tab_table_vals_chk_lbls
2023-01-07 21:22:17,577 __main__:46 info [INFO]: start get_tab_table_vals_chk_lbls
2023-01-07 21:22:17,577 __main__:46 info [INFO]: end get_tab_table_vals_chk_lbls
2023-01-07 21:22:17,577 __main__:46 info [INFO]: start get_tab_table_vals_chk_lbls
2023-01-07 21:22:17,577 __main__:46 info [INFO]: end get_tab_table_vals_chk_lbls
2023-01-07 21:22:17,577 __main__:46 info [INFO]: start get_tab_table_vals_chk_lbls
2023-01-07 21:22:17,578 __main__:46 info [INFO]: end get_tab_table_vals_chk_lbls
2023-01-07 21:22:17,578 __main__:46 info [INFO]: start get_tab_table_vals_chk_lbls
2023-01-07 21:22:17,578 __main__:46 info [INFO]: end get_tab_table_vals_chk_lbls
2023-01-07 21:22:17,578 __main__:46 info [INFO]: start get_tab_table_vals_chk_lbls
2023-01-07 21:22:17,578 __main__:46 info [INFO]: end get_tab_table_vals_chk_lbls
2023-01-07 21:22:17,580 __main__:46 info [INFO]: end output_race_detail_for_table_with_checkbox
2023-01-07 21:22:18,587 __main__:46 info [INFO]: start output_race_detail_for_table_with_checkbox
2023-01-07 21:22:18,588 __main__:46 info [INFO]: start get_race_detail_from_db
2023-01-07 21:22:18,597 __main__:46 info [INFO]: end get_race_detail_from_db
2023-01-07 21:22:18,597 __main__:46 info [INFO]: start get_entry_horce_info
2023-01-07 21:22:20,275 __main__:46 info [INFO]: end get_entry_horce_info
2023-01-07 21:22:20,276 __main__:46 info [INFO]: start get_tab_table_vals_chk_lbls
2023-01-07 21:22:20,276 __main__:46 info [INFO]: end get_tab_table_vals_chk_lbls
2023-01-07 21:22:20,276 __main__:46 info [INFO]: start get_tab_table_vals_chk_lbls
2023-01-07 21:22:20,276 __main__:46 info [INFO]: end get_tab_table_vals_chk_lbls
2023-01-07 21:22:20,276 __main__:46 info [INFO]: start get_tab_table_vals_chk_lbls
2023-01-07 21:22:20,277 __main__:46 info [INFO]: end get_tab_table_vals_chk_lbls
2023-01-07 21:22:20,277 __main__:46 info [INFO]: start get_tab_table_vals_chk_lbls
2023-01-07 21:22:20,277 __main__:46 info [INFO]: end get_tab_table_vals_chk_lbls
2023-01-07 21:22:20,277 __main__:46 info [INFO]: start get_tab_table_vals_chk_lbls
2023-01-07 21:22:20,277 __main__:46 info [INFO]: end get_tab_table_vals_chk_lbls
2023-01-07 21:22:20,277 __main__:46 info [INFO]: start get_tab_table_vals_chk_lbls
2023-01-07 21:22:20,278 __main__:46 info [INFO]: end get_tab_table_vals_chk_lbls
2023-01-07 21:22:20,278 __main__:46 info [INFO]: start get_tab_table_vals_chk_lbls
2023-01-07 21:22:20,278 __main__:46 info [INFO]: end get_tab_table_vals_chk_lbls
2023-01-07 21:22:20,278 __main__:46 info [INFO]: start get_tab_table_vals_chk_lbls
2023-01-07 21:22:20,278 __main__:46 info [INFO]: end get_tab_table_vals_chk_lbls
2023-01-07 21:22:20,279 __main__:46 info [INFO]: start get_tab_table_vals_chk_lbls
2023-01-07 21:22:20,280 __main__:46 info [INFO]: end get_tab_table_vals_chk_lbls
2023-01-07 21:22:20,280 __main__:46 info [INFO]: start get_tab_table_vals_chk_lbls
2023-01-07 21:22:20,280 __main__:46 info [INFO]: end get_tab_table_vals_chk_lbls
2023-01-07 21:22:20,280 __main__:46 info [INFO]: start get_tab_table_vals_chk_lbls
2023-01-07 21:22:20,281 __main__:46 info [INFO]: end get_tab_table_vals_chk_lbls
2023-01-07 21:22:20,281 __main__:46 info [INFO]: start get_tab_table_vals_chk_lbls
2023-01-07 21:22:20,281 __main__:46 info [INFO]: end get_tab_table_vals_chk_lbls
2023-01-07 21:22:20,282 __main__:46 info [INFO]: end output_race_detail_for_table_with_checkbox
2023-01-07 21:22:21,291 __main__:46 info [INFO]: start output_race_detail_for_table_with_checkbox
2023-01-07 21:22:21,292 __main__:46 info [INFO]: start get_race_detail_from_db
2023-01-07 21:22:21,299 __main__:46 info [INFO]: end get_race_detail_from_db
2023-01-07 21:22:21,300 __main__:46 info [INFO]: start get_entry_horce_info
2023-01-07 21:22:22,062 __main__:46 info [INFO]: end get_entry_horce_info
2023-01-07 21:22:22,063 __main__:46 info [INFO]: start get_tab_table_vals_chk_lbls
2023-01-07 21:22:22,063 __main__:46 info [INFO]: end get_tab_table_vals_chk_lbls
2023-01-07 21:22:22,063 __main__:46 info [INFO]: start get_tab_table_vals_chk_lbls
2023-01-07 21:22:22,063 __main__:46 info [INFO]: end get_tab_table_vals_chk_lbls
2023-01-07 21:22:22,064 __main__:46 info [INFO]: start get_tab_table_vals_chk_lbls
2023-01-07 21:22:22,064 __main__:46 info [INFO]: end get_tab_table_vals_chk_lbls
2023-01-07 21:22:22,064 __main__:46 info [INFO]: start get_tab_table_vals_chk_lbls
2023-01-07 21:22:22,064 __main__:46 info [INFO]: end get_tab_table_vals_chk_lbls
2023-01-07 21:22:22,064 __main__:46 info [INFO]: start get_tab_table_vals_chk_lbls
2023-01-07 21:22:22,064 __main__:46 info [INFO]: end get_tab_table_vals_chk_lbls
2023-01-07 21:22:22,065 __main__:46 info [INFO]: start get_tab_table_vals_chk_lbls
2023-01-07 21:22:22,065 __main__:46 info [INFO]: end get_tab_table_vals_chk_lbls
2023-01-07 21:22:22,065 __main__:46 info [INFO]: start get_tab_table_vals_chk_lbls
2023-01-07 21:22:22,065 __main__:46 info [INFO]: end get_tab_table_vals_chk_lbls
2023-01-07 21:22:22,065 __main__:46 info [INFO]: start get_tab_table_vals_chk_lbls
2023-01-07 21:22:22,065 __main__:46 info [INFO]: end get_tab_table_vals_chk_lbls
2023-01-07 21:22:22,066 __main__:46 info [INFO]: start get_tab_table_vals_chk_lbls
2023-01-07 21:22:22,066 __main__:46 info [INFO]: end get_tab_table_vals_chk_lbls
2023-01-07 21:22:22,066 __main__:46 info [INFO]: start get_tab_table_vals_chk_lbls
2023-01-07 21:22:22,066 __main__:46 info [INFO]: end get_tab_table_vals_chk_lbls
2023-01-07 21:22:22,066 __main__:46 info [INFO]: start get_tab_table_vals_chk_lbls
2023-01-07 21:22:22,066 __main__:46 info [INFO]: end get_tab_table_vals_chk_lbls
2023-01-07 21:22:22,067 __main__:46 info [INFO]: end output_race_detail_for_table_with_checkbox
2023-01-07 21:22:23,075 __main__:46 info [INFO]: start output_race_detail_for_table_with_checkbox
2023-01-07 21:22:23,076 __main__:46 info [INFO]: start get_race_detail_from_db
2023-01-07 21:22:23,083 __main__:46 info [INFO]: end get_race_detail_from_db
2023-01-07 21:22:23,083 __main__:46 info [INFO]: start get_entry_horce_info
2023-01-07 21:22:24,777 __main__:46 info [INFO]: end get_entry_horce_info
2023-01-07 21:22:24,778 __main__:46 info [INFO]: start get_tab_table_vals_chk_lbls
2023-01-07 21:22:24,778 __main__:46 info [INFO]: end get_tab_table_vals_chk_lbls
2023-01-07 21:22:24,778 __main__:46 info [INFO]: start get_tab_table_vals_chk_lbls
2023-01-07 21:22:24,778 __main__:46 info [INFO]: end get_tab_table_vals_chk_lbls
2023-01-07 21:22:24,779 __main__:46 info [INFO]: start get_tab_table_vals_chk_lbls
2023-01-07 21:22:24,779 __main__:46 info [INFO]: end get_tab_table_vals_chk_lbls
2023-01-07 21:22:24,779 __main__:46 info [INFO]: start get_tab_table_vals_chk_lbls
2023-01-07 21:22:24,779 __main__:46 info [INFO]: end get_tab_table_vals_chk_lbls
2023-01-07 21:22:24,779 __main__:46 info [INFO]: start get_tab_table_vals_chk_lbls
2023-01-07 21:22:24,779 __main__:46 info [INFO]: end get_tab_table_vals_chk_lbls
2023-01-07 21:22:24,780 __main__:46 info [INFO]: start get_tab_table_vals_chk_lbls
2023-01-07 21:22:24,780 __main__:46 info [INFO]: end get_tab_table_vals_chk_lbls
2023-01-07 21:22:24,780 __main__:46 info [INFO]: start get_tab_table_vals_chk_lbls
2023-01-07 21:22:24,780 __main__:46 info [INFO]: end get_tab_table_vals_chk_lbls
2023-01-07 21:22:24,780 __main__:46 info [INFO]: start get_tab_table_vals_chk_lbls
2023-01-07 21:22:24,780 __main__:46 info [INFO]: end get_tab_table_vals_chk_lbls
2023-01-07 21:22:24,781 __main__:46 info [INFO]: start get_tab_table_vals_chk_lbls
2023-01-07 21:22:24,782 __main__:46 info [INFO]: end get_tab_table_vals_chk_lbls
2023-01-07 21:22:24,782 __main__:46 info [INFO]: start get_tab_table_vals_chk_lbls
2023-01-07 21:22:24,782 __main__:46 info [INFO]: end get_tab_table_vals_chk_lbls
2023-01-07 21:22:24,783 __main__:46 info [INFO]: start get_tab_table_vals_chk_lbls
2023-01-07 21:22:24,783 __main__:46 info [INFO]: end get_tab_table_vals_chk_lbls
2023-01-07 21:22:24,783 __main__:46 info [INFO]: start get_tab_table_vals_chk_lbls
2023-01-07 21:22:24,783 __main__:46 info [INFO]: end get_tab_table_vals_chk_lbls
2023-01-07 21:22:24,783 __main__:46 info [INFO]: start get_tab_table_vals_chk_lbls
2023-01-07 21:22:24,784 __main__:46 info [INFO]: end get_tab_table_vals_chk_lbls
2023-01-07 21:22:24,784 __main__:46 info [INFO]: start get_tab_table_vals_chk_lbls
2023-01-07 21:22:24,784 __main__:46 info [INFO]: end get_tab_table_vals_chk_lbls
2023-01-07 21:22:24,785 __main__:46 info [INFO]: end output_race_detail_for_table_with_checkbox
2023-01-07 21:22:25,792 __main__:46 info [INFO]: start output_race_detail_for_table_with_checkbox
2023-01-07 21:22:25,793 __main__:46 info [INFO]: start get_race_detail_from_db
2023-01-07 21:22:25,800 __main__:46 info [INFO]: end get_race_detail_from_db
2023-01-07 21:22:25,801 __main__:46 info [INFO]: start get_entry_horce_info
2023-01-07 21:22:26,396 __main__:46 info [INFO]: end get_entry_horce_info
2023-01-07 21:22:26,397 __main__:46 info [INFO]: start get_tab_table_vals_chk_lbls
2023-01-07 21:22:26,397 __main__:46 info [INFO]: end get_tab_table_vals_chk_lbls
2023-01-07 21:22:26,397 __main__:46 info [INFO]: start get_tab_table_vals_chk_lbls
2023-01-07 21:22:26,398 __main__:46 info [INFO]: end get_tab_table_vals_chk_lbls
2023-01-07 21:22:26,398 __main__:46 info [INFO]: start get_tab_table_vals_chk_lbls
2023-01-07 21:22:26,398 __main__:46 info [INFO]: end get_tab_table_vals_chk_lbls
2023-01-07 21:22:26,398 __main__:46 info [INFO]: start get_tab_table_vals_chk_lbls
2023-01-07 21:22:26,398 __main__:46 info [INFO]: end get_tab_table_vals_chk_lbls
2023-01-07 21:22:26,398 __main__:46 info [INFO]: start get_tab_table_vals_chk_lbls
2023-01-07 21:22:26,399 __main__:46 info [INFO]: end get_tab_table_vals_chk_lbls
2023-01-07 21:22:26,399 __main__:46 info [INFO]: start get_tab_table_vals_chk_lbls
2023-01-07 21:22:26,399 __main__:46 info [INFO]: end get_tab_table_vals_chk_lbls
2023-01-07 21:22:26,399 __main__:46 info [INFO]: start get_tab_table_vals_chk_lbls
2023-01-07 21:22:26,399 __main__:46 info [INFO]: end get_tab_table_vals_chk_lbls
2023-01-07 21:22:26,400 __main__:46 info [INFO]: end output_race_detail_for_table_with_checkbox
2023-01-07 21:22:27,426 __main__:46 info [INFO]: end get_win5_race_detail_ctls
2023-01-07 21:22:27,427 __main__:46 info [INFO]: start output_params_for_table_with_checkbox
2023-01-07 21:22:27,433 __main__:46 info [INFO]: end output_params_for_table_with_checkbox
2023-01-07 21:22:27,434 __main__:46 info [INFO]: end get_tab_area_ctls
2023-01-07 21:22:27,436 __main__:46 info [INFO]: start set_calc_buy_buttons_area
2023-01-07 21:22:27,439 __main__:46 info [INFO]: end set_calc_buy_buttons_area
2023-01-07 21:26:03,301 __main__:70 logging_error_traceback [ERROR]: 例外が発生しました。
2023-01-07 21:26:03,302 __main__:71 logging_error_traceback [ERROR]: ---------------------------------------------スタックトレース---------------------------------------------
2023-01-07 21:26:03,307 __main__:73 logging_error_traceback [ERROR]: Traceback (most recent call last):
  File "/Users/kawatashunnozomi/win5/venv/Win5AutoBuyer/Win5AutoBuyer/win5_auto_buyer.py", line 1009, in <module>
    main()
  File "/Users/kawatashunnozomi/win5/venv/Win5AutoBuyer/Win5AutoBuyer/win5_auto_buyer.py", line 979, in main
    new_selection = pin_wait_change(chk_label_list)
  File "/Users/kawatashunnozomi/opt/anaconda3/lib/python3.9/site-packages/pywebio/pin.py", line 318, in pin_wait_change
    return get_client_val()
  File "/Users/kawatashunnozomi/opt/anaconda3/lib/python3.9/site-packages/pywebio/session/__init__.py", line 283, in inner
    return run_as_function(gen)
  File "/Users/kawatashunnozomi/opt/anaconda3/lib/python3.9/site-packages/pywebio/utils.py", line 296, in run_as_function
    res = gen.send(res)
  File "/Users/kawatashunnozomi/opt/anaconda3/lib/python3.9/site-packages/pywebio/pin.py", line 229, in get_client_val
    res = yield next_client_event()
  File "/Users/kawatashunnozomi/opt/anaconda3/lib/python3.9/site-packages/pywebio/session/__init__.py", line 283, in inner
    return run_as_function(gen)
  File "/Users/kawatashunnozomi/opt/anaconda3/lib/python3.9/site-packages/pywebio/utils.py", line 296, in run_as_function
    res = gen.send(res)
  File "/Users/kawatashunnozomi/opt/anaconda3/lib/python3.9/site-packages/pywebio/session/__init__.py", line 290, in next_client_event
    res = yield get_current_session().next_client_event()
  File "/Users/kawatashunnozomi/opt/anaconda3/lib/python3.9/site-packages/pywebio/session/threadbased.py", line 141, in next_client_event
    raise SessionClosedException
pywebio.exceptions.SessionClosedException

2023-01-07 21:26:03,308 __main__:74 logging_error_traceback [ERROR]: ---------------------------------------------スタックトレース　以上---------------------------------------
